SF:lib/home_page/my_home_page.dart
DA:13,2
DA:17,1
DA:18,1
DA:36,1
DA:39,3
DA:42,2
DA:45,2
DA:46,1
DA:49,0
DA:51,0
DA:52,0
DA:55,1
DA:57,3
DA:58,1
DA:61,1
DA:62,1
DA:63,1
DA:64,1
DA:65,1
DA:66,0
DA:68,0
DA:70,1
DA:71,1
DA:72,0
DA:73,0
DA:74,0
DA:75,0
DA:77,0
DA:80,0
DA:81,0
DA:82,0
DA:83,0
DA:84,0
DA:86,0
DA:88,0
DA:92,0
DA:93,0
DA:94,0
DA:95,0
DA:97,0
DA:98,0
DA:101,0
DA:102,0
DA:103,0
DA:104,0
DA:105,0
DA:108,0
DA:110,0
DA:113,0
DA:114,0
DA:126,1
DA:129,1
DA:130,1
DA:131,0
DA:132,0
DA:135,1
DA:136,0
DA:138,0
DA:139,0
DA:142,1
DA:143,0
DA:144,0
DA:145,0
DA:146,0
DA:147,0
DA:150,0
DA:159,0
DA:161,0
DA:163,0
DA:166,0
DA:167,0
DA:168,0
DA:169,0
DA:173,0
DA:174,0
DA:175,0
DA:176,0
DA:182,0
DA:183,0
DA:188,0
DA:189,0
DA:190,0
DA:191,0
DA:192,0
DA:194,0
DA:196,0
DA:197,0
DA:199,0
DA:200,0
DA:204,0
DA:207,0
DA:208,0
DA:209,0
DA:210,0
DA:211,0
DA:213,0
DA:214,0
DA:215,0
DA:216,0
DA:219,0
DA:220,0
DA:222,0
DA:223,0
DA:224,0
DA:225,0
DA:228,0
DA:230,0
DA:232,0
DA:233,0
DA:234,0
DA:237,0
DA:238,0
DA:239,0
DA:240,0
DA:245,0
DA:246,0
DA:250,0
DA:271,0
DA:272,0
DA:273,0
DA:279,0
DA:280,0
DA:281,0
DA:282,0
DA:283,0
LF:125
LH:23
end_of_record
SF:lib/main.dart
DA:6,0
DA:7,0
DA:11,1
DA:13,0
DA:15,0
DA:25,0
DA:26,0
LF:7
LH:1
end_of_record
SF:lib/model/county_continent_model/country_continent_model.dart
DA:12,0
DA:22,0
DA:23,0
DA:24,0
DA:25,0
DA:26,0
DA:27,0
DA:28,0
DA:29,0
DA:30,0
DA:33,0
DA:34,0
DA:35,0
DA:36,0
DA:37,0
DA:38,0
DA:39,0
DA:40,0
DA:41,0
DA:42,0
LF:20
LH:0
end_of_record
SF:lib/model/model.dart
DA:16,1
LF:1
LH:1
end_of_record
SF:lib/widget/country_picker.dart
DA:5,0
DA:8,0
DA:9,0
DA:21,0
DA:23,0
DA:24,0
DA:27,0
DA:29,0
DA:30,0
DA:31,0
DA:34,0
DA:36,0
DA:41,0
DA:45,0
DA:46,0
DA:47,0
DA:48,0
DA:50,0
DA:51,0
DA:52,0
DA:56,0
DA:57,0
DA:59,0
DA:62,0
DA:63,0
DA:72,0
DA:73,0
DA:74,0
DA:75,0
DA:76,0
DA:77,0
DA:79,0
DA:83,0
DA:84,0
DA:85,0
DA:86,0
DA:89,0
DA:92,0
DA:93,0
DA:94,0
DA:96,0
DA:98,0
DA:107,0
DA:108,0
DA:109,0
DA:110,0
DA:111,0
DA:112,0
DA:113,0
DA:115,0
DA:117,0
DA:118,0
DA:122,0
DA:124,0
DA:125,0
DA:132,0
DA:133,0
DA:134,0
DA:139,0
DA:152,0
DA:163,0
DA:164,0
DA:165,0
DA:167,0
DA:169,0
DA:170,0
LF:66
LH:0
end_of_record
SF:lib/model/county_continent_model/country_continent_list.dart
DA:2,3
DA:3,1
DA:12,1
DA:21,1
DA:30,1
DA:39,1
DA:48,1
DA:57,1
DA:66,1
DA:75,1
DA:82,1
DA:91,1
DA:100,1
DA:109,1
DA:118,1
DA:127,1
DA:136,1
DA:145,1
DA:154,1
DA:163,1
DA:172,1
DA:181,1
DA:190,1
DA:199,1
DA:208,1
DA:217,1
DA:226,1
DA:235,1
DA:244,1
DA:253,1
DA:262,1
DA:271,1
DA:280,1
DA:287,1
DA:296,1
DA:305,1
DA:314,1
DA:323,1
DA:332,1
DA:341,1
DA:350,1
DA:359,1
DA:368,1
DA:377,1
DA:384,1
DA:391,1
DA:398,1
DA:407,1
DA:416,1
DA:423,1
DA:430,1
DA:439,1
DA:448,1
DA:457,1
DA:466,1
DA:473,1
DA:482,1
DA:491,1
DA:500,1
DA:509,1
DA:518,1
DA:527,1
DA:536,1
DA:545,1
DA:554,1
DA:563,1
DA:572,1
DA:581,1
DA:590,1
DA:597,1
DA:606,1
DA:615,1
DA:624,1
DA:633,1
DA:642,1
DA:651,1
DA:660,1
DA:669,1
DA:678,1
DA:687,1
DA:696,1
DA:705,1
DA:712,1
DA:721,1
DA:730,1
DA:739,1
DA:748,1
DA:757,1
DA:766,1
DA:775,1
DA:784,1
DA:793,1
DA:802,1
DA:809,1
DA:818,1
DA:827,1
DA:836,1
DA:845,1
DA:854,1
DA:863,1
DA:872,1
DA:881,1
DA:890,1
DA:899,1
DA:908,1
DA:917,1
DA:926,1
DA:935,1
DA:944,1
DA:953,1
DA:960,1
DA:969,1
DA:978,1
DA:987,1
DA:996,1
DA:1005,1
DA:1014,1
DA:1023,1
DA:1032,1
DA:1041,1
DA:1050,1
DA:1059,1
DA:1068,1
DA:1077,1
DA:1086,1
DA:1095,1
DA:1104,1
DA:1113,1
DA:1122,1
DA:1131,1
DA:1140,1
DA:1149,1
DA:1158,1
DA:1167,1
DA:1176,1
DA:1185,1
DA:1194,1
DA:1203,1
DA:1212,1
DA:1221,1
DA:1230,1
DA:1239,1
DA:1248,1
DA:1257,1
DA:1266,1
DA:1275,1
DA:1284,1
DA:1293,1
DA:1302,1
DA:1311,1
DA:1320,1
DA:1329,1
DA:1338,1
DA:1347,1
DA:1356,1
DA:1365,1
DA:1374,1
DA:1383,1
DA:1392,1
DA:1401,1
DA:1410,1
DA:1419,1
DA:1428,1
DA:1437,1
DA:1446,1
DA:1455,1
DA:1464,1
DA:1473,1
DA:1482,1
DA:1491,1
DA:1500,1
DA:1509,1
DA:1518,1
DA:1527,1
DA:1536,1
DA:1545,1
DA:1554,1
DA:1563,1
DA:1572,1
DA:1581,1
DA:1590,1
DA:1599,1
DA:1608,1
DA:1617,1
DA:1626,1
DA:1635,1
DA:1644,1
DA:1653,1
DA:1662,1
DA:1671,1
DA:1680,1
DA:1689,1
DA:1698,1
DA:1707,1
DA:1716,1
DA:1725,1
DA:1734,1
DA:1743,1
DA:1752,1
DA:1761,1
DA:1770,1
DA:1779,1
DA:1788,1
DA:1797,1
DA:1806,1
DA:1815,1
DA:1824,1
DA:1833,1
DA:1842,1
DA:1851,1
DA:1860,1
DA:1869,1
DA:1878,1
DA:1887,1
DA:1896,1
DA:1905,1
DA:1914,1
DA:1923,1
DA:1932,1
DA:1941,1
DA:1950,1
DA:1959,1
DA:1968,1
DA:1977,1
DA:1986,1
DA:1995,1
DA:2004,1
DA:2013,1
DA:2022,1
DA:2031,1
DA:2040,1
DA:2049,1
DA:2058,1
DA:2067,1
DA:2076,1
DA:2085,1
DA:2094,1
DA:2103,1
DA:2112,1
DA:2121,1
DA:2130,1
DA:2139,1
DA:2146,1
DA:2155,1
DA:2164,1
DA:2173,1
DA:2182,1
DA:2191,1
DA:2200,1
DA:2209,1
DA:2218,1
DA:2227,1
DA:2234,1
DA:2243,1
DA:2252,1
DA:2259,1
DA:2268,1
DA:2277,1
DA:2286,1
DA:2295,1
DA:2304,1
DA:2313,1
DA:2322,1
DA:2331,1
DA:2340,1
DA:2349,1
DA:2358,1
DA:2367,1
DA:2375,1
DA:2385,1
DA:2395,1
DA:2405,1
DA:2415,1
DA:2425,1
DA:2435,1
DA:2445,1
DA:2455,1
DA:2465,1
DA:2475,1
DA:2485,1
DA:2495,1
DA:2505,1
DA:2515,1
DA:2525,1
DA:2535,1
DA:2545,1
DA:2555,1
DA:2565,1
DA:2575,1
DA:2585,1
DA:2595,1
DA:2605,1
DA:2615,1
DA:2625,1
DA:2635,1
DA:2645,1
DA:2655,1
DA:2665,1
DA:2675,1
DA:2685,1
DA:2695,1
DA:2705,1
DA:2715,1
DA:2725,1
DA:2735,1
DA:2745,1
DA:2755,1
DA:2765,1
DA:2775,1
DA:2785,1
DA:2795,1
DA:2805,1
DA:2815,1
DA:2825,1
DA:2835,1
DA:2845,1
DA:2855,1
DA:2865,1
LF:318
LH:318
end_of_record
